0 info it worked if it ends with ok
1 verbose cli [ 'node',
1 verbose cli   '/usr/local/bin/npm',
1 verbose cli   'install',
1 verbose cli   '--save',
1 verbose cli   'fluent-ffmpeg@2.0.0-rc1' ]
2 info using npm@1.4.28
3 info using node@v0.10.32
4 warn package.json theatre@0.0.1 No repository field.
5 warn package.json theatre@0.0.1 No README data
6 verbose readDependencies using package.json deps
7 verbose cache add [ 'fluent-ffmpeg@2.0.0-rc1', null ]
8 verbose cache add name=undefined spec="fluent-ffmpeg@2.0.0-rc1" args=["fluent-ffmpeg@2.0.0-rc1",null]
9 verbose parsed url { protocol: null,
9 verbose parsed url   slashes: null,
9 verbose parsed url   auth: null,
9 verbose parsed url   host: null,
9 verbose parsed url   port: null,
9 verbose parsed url   hostname: null,
9 verbose parsed url   hash: null,
9 verbose parsed url   search: null,
9 verbose parsed url   query: null,
9 verbose parsed url   pathname: 'fluent-ffmpeg@2.0.0-rc1',
9 verbose parsed url   path: 'fluent-ffmpeg@2.0.0-rc1',
9 verbose parsed url   href: 'fluent-ffmpeg@2.0.0-rc1' }
10 verbose cache add name="fluent-ffmpeg" spec="2.0.0-rc1" args=["fluent-ffmpeg","2.0.0-rc1"]
11 verbose parsed url { protocol: null,
11 verbose parsed url   slashes: null,
11 verbose parsed url   auth: null,
11 verbose parsed url   host: null,
11 verbose parsed url   port: null,
11 verbose parsed url   hostname: null,
11 verbose parsed url   hash: null,
11 verbose parsed url   search: null,
11 verbose parsed url   query: null,
11 verbose parsed url   pathname: '2.0.0-rc1',
11 verbose parsed url   path: '2.0.0-rc1',
11 verbose parsed url   href: '2.0.0-rc1' }
12 verbose addNamed [ 'fluent-ffmpeg', '2.0.0-rc1' ]
13 verbose addNamed [ '2.0.0-rc1', '2.0.0-rc1' ]
14 silly lockFile aaa145ac-fluent-ffmpeg-2-0-0-rc1 fluent-ffmpeg@2.0.0-rc1
15 verbose lock fluent-ffmpeg@2.0.0-rc1 /Users/tgdn/.npm/aaa145ac-fluent-ffmpeg-2-0-0-rc1.lock
16 verbose request where is /fluent-ffmpeg
17 verbose request registry https://registry.npmjs.org/
18 verbose request id 3ec3d9ae08695cc7
19 verbose url raw /fluent-ffmpeg
20 verbose url resolving [ 'https://registry.npmjs.org/', './fluent-ffmpeg' ]
21 verbose url resolved https://registry.npmjs.org/fluent-ffmpeg
22 verbose request where is https://registry.npmjs.org/fluent-ffmpeg
23 info trying registry request attempt 1 at 17:57:55
24 verbose etag "2BYG77LF5REPHABD9FW22JI0H"
25 http GET https://registry.npmjs.org/fluent-ffmpeg
26 http 304 https://registry.npmjs.org/fluent-ffmpeg
27 silly registry.get cb [ 304,
27 silly registry.get   { date: 'Sat, 08 Aug 2015 15:57:56 GMT',
27 silly registry.get     via: '1.1 varnish',
27 silly registry.get     'cache-control': 'max-age=60',
27 silly registry.get     etag: '"2BYG77LF5REPHABD9FW22JI0H"',
27 silly registry.get     age: '0',
27 silly registry.get     connection: 'keep-alive',
27 silly registry.get     'x-served-by': 'cache-fra1248-FRA',
27 silly registry.get     'x-cache': 'HIT',
27 silly registry.get     'x-cache-hits': '1',
27 silly registry.get     'x-timer': 'S1439049476.622502,VS0,VE402',
27 silly registry.get     vary: 'Accept' } ]
28 verbose etag https://registry.npmjs.org/fluent-ffmpeg from cache
29 silly lockFile a8016024-mpeg-fluent-ffmpeg-2-0-0-rc1-tgz https://registry.npmjs.org/fluent-ffmpeg/-/fluent-ffmpeg-2.0.0-rc1.tgz
30 verbose lock https://registry.npmjs.org/fluent-ffmpeg/-/fluent-ffmpeg-2.0.0-rc1.tgz /Users/tgdn/.npm/a8016024-mpeg-fluent-ffmpeg-2-0-0-rc1-tgz.lock
31 verbose addRemoteTarball [ 'https://registry.npmjs.org/fluent-ffmpeg/-/fluent-ffmpeg-2.0.0-rc1.tgz',
31 verbose addRemoteTarball   '62a99e7fa89335bf19567651c9f19bc4c357c121' ]
32 info retry fetch attempt 1 at 17:57:56
33 verbose fetch to= /var/folders/1h/9x0f8rg9463cvmjgdm0v44l00000gn/T/npm-2728-JETOrTka/registry.npmjs.org/fluent-ffmpeg/-/fluent-ffmpeg-2.0.0-rc1.tgz
34 http GET https://registry.npmjs.org/fluent-ffmpeg/-/fluent-ffmpeg-2.0.0-rc1.tgz
35 http 200 https://registry.npmjs.org/fluent-ffmpeg/-/fluent-ffmpeg-2.0.0-rc1.tgz
36 silly lockFile a8016024-mpeg-fluent-ffmpeg-2-0-0-rc1-tgz https://registry.npmjs.org/fluent-ffmpeg/-/fluent-ffmpeg-2.0.0-rc1.tgz
37 silly lockFile a8016024-mpeg-fluent-ffmpeg-2-0-0-rc1-tgz https://registry.npmjs.org/fluent-ffmpeg/-/fluent-ffmpeg-2.0.0-rc1.tgz
38 silly lockFile aaa145ac-fluent-ffmpeg-2-0-0-rc1 fluent-ffmpeg@2.0.0-rc1
39 silly lockFile aaa145ac-fluent-ffmpeg-2-0-0-rc1 fluent-ffmpeg@2.0.0-rc1
40 error Error: EACCES, mkdir '/Users/tgdn/.npm/fluent-ffmpeg/2.0.0-rc1'
40 error  { [Error: EACCES, mkdir '/Users/tgdn/.npm/fluent-ffmpeg/2.0.0-rc1']
40 error   errno: 3,
40 error   code: 'EACCES',
40 error   path: '/Users/tgdn/.npm/fluent-ffmpeg/2.0.0-rc1',
40 error   parent: 'theatre' }
41 error Please try running this command again as root/Administrator.
42 error System Darwin 14.4.0
43 error command "node" "/usr/local/bin/npm" "install" "--save" "fluent-ffmpeg@2.0.0-rc1"
44 error cwd /Users/tgdn/Documents/workspace/theatre2
45 error node -v v0.10.32
46 error npm -v 1.4.28
47 error path /Users/tgdn/.npm/fluent-ffmpeg/2.0.0-rc1
48 error code EACCES
49 error errno 3
50 error stack Error: EACCES, mkdir '/Users/tgdn/.npm/fluent-ffmpeg/2.0.0-rc1'
51 verbose exit [ 3, true ]
